<?xml version="1.0" encoding="UTF-8"?>
<testsuite name="AppTest" tests="2" skipped="0" failures="0" errors="0" timestamp="2018-07-13T12:11:36" hostname="ZHA-ITA106-W10" time="0.425">
  <properties/>
  <testcase name="testMockClass" classname="AppTest" time="0.424"/>
  <testcase name="testAppHasAGreeting" classname="AppTest" time="0.001"/>
  <system-out><![CDATA[]]></system-out>
  <system-err><![CDATA[]]></system-err>
</testsuite>
